\BOOKMARK [1][-]{section.1}{Introduction}{}
\BOOKMARK [2][-]{subsection.1.1}{International Micro Aerial Vehicle Conference and Competitions}{section.1}
\BOOKMARK [2][-]{subsection.1.2}{Platform and Framework}{section.1}
\BOOKMARK [2][-]{subsection.1.3}{Research questions and objectives}{section.1}
\BOOKMARK [2][-]{subsection.1.4}{Outline}{section.1}
\BOOKMARK [1][-]{section.2}{Theory: Vision and Navigation}{}
\BOOKMARK [2][-]{subsection.2.1}{Edge Detector Algorithm}{section.2}
\BOOKMARK [3][-]{subsubsection.2.1.1}{Colour Filter}{subsection.2.1}
\BOOKMARK [3][-]{subsubsection.2.1.2}{Canny Edge Detector}{subsection.2.1}
\BOOKMARK [2][-]{subsection.2.2}{Motion Detector Algorithm}{section.2}
\BOOKMARK [3][-]{subsubsection.2.2.1}{Optical Flow}{subsection.2.2}
\BOOKMARK [3][-]{subsubsection.2.2.2}{Background Subtraction}{subsection.2.2}
\BOOKMARK [2][-]{subsection.2.3}{Probabilistic Hough Transform}{section.2}
\BOOKMARK [2][-]{subsection.2.4}{Tracking}{section.2}
\BOOKMARK [2][-]{subsection.2.5}{Navigation}{section.2}
\BOOKMARK [1][-]{section.3}{Related Work}{}
\BOOKMARK [1][-]{section.4}{Platform: Parrot AR.Drone}{}
\BOOKMARK [2][-]{subsection.4.1}{Quadcopter}{section.4}
\BOOKMARK [2][-]{subsection.4.2}{Hardware}{section.4}
\BOOKMARK [3][-]{subsubsection.4.2.1}{AR.Drone 1.0}{subsection.4.2}
\BOOKMARK [3][-]{subsubsection.4.2.2}{AR.Drone 2.0}{subsection.4.2}
\BOOKMARK [2][-]{subsection.4.3}{Software Development Kit}{section.4}
\BOOKMARK [1][-]{section.5}{Framework: AR.Drone SLAM}{}
\BOOKMARK [2][-]{subsection.5.1}{Functionalities}{section.5}
\BOOKMARK [2][-]{subsection.5.2}{Architecture}{section.5}
\BOOKMARK [1][-]{section.6}{Experiments}{}
\BOOKMARK [1][-]{section.7}{Results}{}
\BOOKMARK [1][-]{section.8}{Discussion}{}
\BOOKMARK [1][-]{section.9}{Conclusion}{}
\BOOKMARK [1][-]{section*.5}{Appendices}{}
\BOOKMARK [1][-]{Appendix.1.A}{Source code}{}
\BOOKMARK [1][-]{Appendix.1.B}{Gaussian Smoothing}{}
\BOOKMARK [1][-]{Appendix.1.C}{Ascending Technologies Pelican}{}
\BOOKMARK [1][-]{section.10}{Bibliography}{}
